<?xml version="1.0" encoding="UTF-8"?>
<coverage generated="1755488928817" clover="3.2.0">
  <project timestamp="1755488928817" name="All files">
    <metrics statements="31" coveredstatements="21" conditionals="26" coveredconditionals="10" methods="7" coveredmethods="7" elements="64" coveredelements="38" complexity="0" loc="31" ncloc="31" packages="1" files="4" classes="4"/>
    <file name="01-sum.js" path="/Users/camiloacosta/Desktop/Front-end 2 platzi/Curso de Introducción al Testing con JavaScript/Clase 14 Coverage report/testing-js/demos/src/01-sum.js">
      <metrics statements="2" coveredstatements="2" conditionals="0" coveredconditionals="0" methods="1" coveredmethods="1"/>
      <line num="2" count="1" type="stmt"/>
      <line num="4" count="1" type="stmt"/>
    </file>
    <file name="02-math.js" path="/Users/camiloacosta/Desktop/Front-end 2 platzi/Curso de Introducción al Testing con JavaScript/Clase 14 Coverage report/testing-js/demos/src/02-math.js">
      <metrics statements="6" coveredstatements="6" conditionals="2" coveredconditionals="2" methods="3" coveredmethods="3"/>
      <line num="5" count="3" type="stmt"/>
      <line num="10" count="2" type="stmt"/>
      <line num="16" count="8" type="cond" truecount="2" falsecount="0"/>
      <line num="17" count="4" type="stmt"/>
      <line num="20" count="4" type="stmt"/>
      <line num="23" count="1" type="stmt"/>
    </file>
    <file name="03-polonia.js" path="/Users/camiloacosta/Desktop/Front-end 2 platzi/Curso de Introducción al Testing con JavaScript/Clase 14 Coverage report/testing-js/demos/src/03-polonia.js">
      <metrics statements="3" coveredstatements="3" conditionals="0" coveredconditionals="0" methods="1" coveredmethods="1"/>
      <line num="3" count="1" type="stmt"/>
      <line num="20" count="1" type="stmt"/>
      <line num="23" count="1" type="stmt"/>
    </file>
    <file name="06-person.js" path="/Users/camiloacosta/Desktop/Front-end 2 platzi/Curso de Introducción al Testing con JavaScript/Clase 14 Coverage report/testing-js/demos/src/06-person.js">
      <metrics statements="20" coveredstatements="10" conditionals="24" coveredconditionals="8" methods="2" coveredmethods="2"/>
      <line num="3" count="2" type="stmt"/>
      <line num="4" count="2" type="stmt"/>
      <line num="5" count="2" type="stmt"/>
      <line num="9" count="2" type="stmt"/>
      <line num="10" count="2" type="cond" truecount="1" falsecount="1"/>
      <line num="11" count="0" type="stmt"/>
      <line num="12" count="2" type="cond" truecount="4" falsecount="0"/>
      <line num="13" count="1" type="stmt"/>
      <line num="14" count="1" type="cond" truecount="3" falsecount="1"/>
      <line num="15" count="1" type="stmt"/>
      <line num="16" count="0" type="cond" truecount="0" falsecount="4"/>
      <line num="17" count="0" type="stmt"/>
      <line num="18" count="0" type="cond" truecount="0" falsecount="4"/>
      <line num="19" count="0" type="stmt"/>
      <line num="20" count="0" type="cond" truecount="0" falsecount="4"/>
      <line num="21" count="0" type="stmt"/>
      <line num="22" count="0" type="cond" truecount="0" falsecount="2"/>
      <line num="23" count="0" type="stmt"/>
      <line num="25" count="0" type="stmt"/>
      <line num="28" count="1" type="stmt"/>
    </file>
  </project>
</coverage>
